<?xml version="1.0" encoding="UTF-8"?>
<!-- Generated by org.testng.reporters.JUnitXMLReporter -->
<testsuite ignored="9" hostname="LAPTOP-QKCURUKN" failures="0" tests="1" name="Default test" time="10.569" errors="0" timestamp="2024-05-03T21:57:51 IST">
  <testcase classname="com.quantum.Login" name="DeactivateUser" time="10.456"/>
  <testcase classname="com.quantum.Login" name="PasswordFieldIsVisible" time="0.0">
    <ignored/>
  </testcase> <!-- PasswordFieldIsVisible -->
  <testcase classname="com.quantum.Login" name="SearchUser" time="0.0">
    <ignored/>
  </testcase> <!-- SearchUser -->
  <testcase classname="com.quantum.Login" name="InvalidEmailLogin" time="0.0">
    <ignored/>
  </testcase> <!-- InvalidEmailLogin -->
  <testcase classname="com.quantum.Login" name="setUp" time="0.0">
    <ignored/>
  </testcase> <!-- setUp -->
  <testcase classname="com.quantum.Login" name="TestLogo" time="0.0">
    <ignored/>
  </testcase> <!-- TestLogo -->
  <testcase classname="com.quantum.Login" name="InvalidPasswordlLogin" time="0.0">
    <ignored/>
  </testcase> <!-- InvalidPasswordlLogin -->
  <testcase classname="com.quantum.Login" name="InvalidEmailandPasswordLogin" time="0.0">
    <ignored/>
  </testcase> <!-- InvalidEmailandPasswordLogin -->
  <testcase classname="com.quantum.Login" name="SuccessfulLogin" time="0.0">
    <ignored/>
  </testcase> <!-- SuccessfulLogin -->
  <testcase classname="com.quantum.Login" name="EmailFieldIsVisible" time="0.0">
    <ignored/>
  </testcase> <!-- EmailFieldIsVisible -->
</testsuite> <!-- Default test -->
