<?xml version="1.0" encoding="UTF-8"?>
<testng-results ignored="0" total="1" passed="1" failed="0" skipped="0">
  <reporter-output>
  </reporter-output>
  <suite started-at="2024-05-03T21:57:41 IST" name="Default suite" finished-at="2024-05-03T21:57:51 IST" duration-ms="10569">
    <groups>
    </groups>
    <test started-at="2024-05-03T21:57:41 IST" name="Default test" finished-at="2024-05-03T21:57:51 IST" duration-ms="10569">
      <class name="com.quantum.Login">
        <test-method is-config="true" signature="setUp()[pri:0, instance:com.quantum.Login@770d4269]" started-at="2024-05-03T21:57:33 IST" name="setUp" finished-at="2024-05-03T21:57:41 IST" duration-ms="7435" status="PASS">
          <reporter-output>
          </reporter-output>
        </test-method> <!-- setUp -->
        <test-method signature="DeactivateUser()[pri:8, instance:com.quantum.Login@770d4269]" started-at="2024-05-03T21:57:41 IST" name="DeactivateUser" finished-at="2024-05-03T21:57:51 IST" duration-ms="10456" status="PASS">
          <reporter-output>
          </reporter-output>
        </test-method> <!-- DeactivateUser -->
        <test-method is-config="true" signature="teardown()[pri:0, instance:com.quantum.Login@770d4269]" started-at="2024-05-03T21:57:51 IST" name="teardown" finished-at="2024-05-03T21:57:52 IST" duration-ms="629" status="PASS">
          <reporter-output>
          </reporter-output>
        </test-method> <!-- teardown -->
      </class> <!-- com.quantum.Login -->
    </test> <!-- Default test -->
  </suite> <!-- Default suite -->
</testng-results>
